<?xml version="1.0" encoding="UTF-8" ?>
<testsuites>
<testsuite name="Episode" errors="0" tests="1" failures="0" time="0.004" timestamp="2014-06-30T21:26:23">
  <testcase classname="Episode" name="@slugify" time="0.003"></testcase>
</testsuite>
</testsuites>